生成启动时间为 2015-10-25 1:22:09。
     1>项目“D:\kbe\kbengine_ogre_demo\ogresdk\ogre_src_v1-8-1\Dependencies\src\FreeImage-3.13.1\Source\LibPNG\LibPNG.2010.vcxproj”在节点 2 上(Rebuild 个目标)。
     1>ClCompile:
         E:\Program Files\Microsoft Visual Studio 12.0\VC\bin\CL.exe /c /I..\zlib /Zi /nologo /W3 /WX- /O2 /Ob2 /Oi /Ot /Oy /D WIN32 /D NDEBUG /D _LIB /D _CRT_SECURE_NO_DEPRECATE /D _VC80_UPGRADE=0x0710 /D _MBCS /GF /Gm- /EHsc /MD /GS- /fp:precise /Zc:wchar_t /Zc:forScope /Fo".\Release/" /Fd".\Release/vc120.pdb" /Gd /TC /analyze- /errorReport:prompt png.c pngerror.c pnggccrd.c pngget.c pngmem.c pngpread.c pngread.c pngrio.c pngrtran.c pngrutil.c pngset.c pngtrans.c pngvcrd.c pngwio.c pngwrite.c pngwtran.c pngwutil.c
         png.c
         pngerror.c
         pnggccrd.c
         pngget.c
         pngmem.c
         pngpread.c
         pngread.c
         pngrio.c
         pngrtran.c
         pngrutil.c
         pngset.c
         pngtrans.c
         pngvcrd.c
         pngwio.c
         pngwrite.c
         pngwtran.c
         pngwutil.c
         正在生成代码...
       Lib:
         E:\Program Files\Microsoft Visual Studio 12.0\VC\bin\Lib.exe /OUT:".\Release\LibPNG.lib" /NOLOGO .\Release/png.obj
         .\Release/pngerror.obj
         .\Release/pnggccrd.obj
         .\Release/pngget.obj
         .\Release/pngmem.obj
         .\Release/pngpread.obj
         .\Release/pngread.obj
         .\Release/pngrio.obj
         .\Release/pngrtran.obj
         .\Release/pngrutil.obj
         .\Release/pngset.obj
         .\Release/pngtrans.obj
         .\Release/pngvcrd.obj
         .\Release/pngwio.obj
         .\Release/pngwrite.obj
         .\Release/pngwtran.obj
         .\Release/pngwutil.obj
         LibPNG.2010.vcxproj -> D:\kbe\kbengine_ogre_demo\ogresdk\ogre_src_v1-8-1\Dependencies\src\FreeImage-3.13.1\Source\LibPNG\.\Release\LibPNG.lib
     1>已完成生成项目“D:\kbe\kbengine_ogre_demo\ogresdk\ogre_src_v1-8-1\Dependencies\src\FreeImage-3.13.1\Source\LibPNG\LibPNG.2010.vcxproj”(Rebuild 个目标)的操作。

生成成功。

已用时间 00:00:32.68
