生成启动时间为 2015-10-25 1:21:08。
     1>项目“D:\kbe\kbengine_ogre_demo\ogresdk\ogre_src_v1-8-1\Dependencies\src\FreeImage-3.13.1\Source\LibJPEG\LibJPEG.2010.vcxproj”在节点 3 上(Rebuild 个目标)。
     1>ClCompile:
         E:\Program Files\Microsoft Visual Studio 12.0\VC\bin\CL.exe /c /I..\zlib /Zi /nologo /W3 /WX- /O2 /Ob2 /Oi /Ot /Oy /D WIN32 /D NDEBUG /D _LIB /D _CRT_SECURE_NO_DEPRECATE /D _VC80_UPGRADE=0x0710 /D _MBCS /GF /Gm- /EHsc /MD /GS- /fp:precise /Zc:wchar_t /Zc:forScope /Fo".\Release/" /Fd".\Release/vc120.pdb" /Gd /TC /analyze- /errorReport:prompt jaricom.c jcapimin.c jcapistd.c jcarith.c jccoefct.c jccolor.c jcdctmgr.c jchuff.c jcinit.c jcmainct.c jcmarker.c jcmaster.c jcomapi.c jcparam.c jcprepct.c jcsample.c jctrans.c jdapimin.c jdapistd.c jdarith.c jdatadst.c jdatasrc.c jdcoefct.c jdcolor.c jddctmgr.c jdhuff.c jdinput.c jdmainct.c jdmarker.c jdmaster.c jdmerge.c jdpostct.c jdsample.c jdtrans.c jerror.c jfdctflt.c jfdctfst.c jfdctint.c jidctflt.c jidctfst.c jidctint.c jmemmgr.c jmemnobs.c jquant1.c jquant2.c jutils.c transupp.c
         jaricom.c
         jcapimin.c
         jcapistd.c
         jcarith.c
         jccoefct.c
         jccolor.c
         jcdctmgr.c
         jchuff.c
         jcinit.c
         jcmainct.c
         jcmarker.c
         jcmaster.c
         jcomapi.c
         jcparam.c
         jcprepct.c
         jcsample.c
         jctrans.c
         jdapimin.c
         jdapistd.c
         jdarith.c
         正在生成代码...
         正在编译...
         jdatadst.c
         jdatasrc.c
         jdcoefct.c
         jdcolor.c
         jddctmgr.c
         jdhuff.c
         jdinput.c
         jdmainct.c
         jdmarker.c
         jdmaster.c
         jdmerge.c
         jdpostct.c
         jdsample.c
         jdtrans.c
         jerror.c
         jfdctflt.c
         jfdctfst.c
         jfdctint.c
         jidctflt.c
         jidctfst.c
         正在生成代码...
         正在编译...
         jidctint.c
         jmemmgr.c
         jmemnobs.c
         jquant1.c
         jquant2.c
         jutils.c
         transupp.c
         正在生成代码...
       Lib:
         E:\Program Files\Microsoft Visual Studio 12.0\VC\bin\Lib.exe /OUT:".\Release\LibJPEG.lib" /NOLOGO .\Release/jaricom.obj
         .\Release/jcapimin.obj
         .\Release/jcapistd.obj
         .\Release/jcarith.obj
         .\Release/jccoefct.obj
         .\Release/jccolor.obj
         .\Release/jcdctmgr.obj
         .\Release/jchuff.obj
         .\Release/jcinit.obj
         .\Release/jcmainct.obj
         .\Release/jcmarker.obj
         .\Release/jcmaster.obj
         .\Release/jcomapi.obj
         .\Release/jcparam.obj
         .\Release/jcprepct.obj
         .\Release/jcsample.obj
         .\Release/jctrans.obj
         .\Release/jdapimin.obj
         .\Release/jdapistd.obj
         .\Release/jdarith.obj
         .\Release/jdatadst.obj
         .\Release/jdatasrc.obj
         .\Release/jdcoefct.obj
         .\Release/jdcolor.obj
         .\Release/jddctmgr.obj
         .\Release/jdhuff.obj
         .\Release/jdinput.obj
         .\Release/jdmainct.obj
         .\Release/jdmarker.obj
         .\Release/jdmaster.obj
         .\Release/jdmerge.obj
         .\Release/jdpostct.obj
         .\Release/jdsample.obj
         .\Release/jdtrans.obj
         .\Release/jerror.obj
         .\Release/jfdctflt.obj
         .\Release/jfdctfst.obj
         .\Release/jfdctint.obj
         .\Release/jidctflt.obj
         .\Release/jidctfst.obj
         .\Release/jidctint.obj
         .\Release/jmemmgr.obj
         .\Release/jmemnobs.obj
         .\Release/jquant1.obj
         .\Release/jquant2.obj
         .\Release/jutils.obj
         .\Release/transupp.obj
         LibJPEG.2010.vcxproj -> D:\kbe\kbengine_ogre_demo\ogresdk\ogre_src_v1-8-1\Dependencies\src\FreeImage-3.13.1\Source\LibJPEG\.\Release\LibJPEG.lib
     1>已完成生成项目“D:\kbe\kbengine_ogre_demo\ogresdk\ogre_src_v1-8-1\Dependencies\src\FreeImage-3.13.1\Source\LibJPEG\LibJPEG.2010.vcxproj”(Rebuild 个目标)的操作。

生成成功。

已用时间 00:00:39.74
