生成启动时间为 2015-10-25 1:21:48。
     1>项目“D:\kbe\kbengine_ogre_demo\ogresdk\ogre_src_v1-8-1\Dependencies\src\FreeImage-3.13.1\Source\LibMNG\LibMNG.2010.vcxproj”在节点 2 上(Rebuild 个目标)。
     1>ClCompile:
         E:\Program Files\Microsoft Visual Studio 12.0\VC\bin\CL.exe /c /I..\Zlib /I..\libjpeg /Zi /nologo /W3 /WX- /O2 /Ob2 /Oi /Ot /Oy /D WIN32 /D NDEBUG /D _LIB /D _CRT_SECURE_NO_DEPRECATE /D _VC80_UPGRADE=0x0710 /D _MBCS /GF /Gm- /EHsc /MD /GS- /fp:precise /Zc:wchar_t /Zc:forScope /Fo".\Release/" /Fd".\Release/vc120.pdb" /Gd /TC /analyze- /errorReport:prompt libmng_callback_xs.c libmng_chunk_descr.c libmng_chunk_io.c libmng_chunk_prc.c libmng_chunk_xs.c libmng_cms.c libmng_display.c libmng_dither.c libmng_error.c libmng_filter.c libmng_hlapi.c libmng_jpeg.c libmng_object_prc.c libmng_pixels.c libmng_prop_xs.c libmng_read.c libmng_trace.c libmng_write.c libmng_zlib.c
         libmng_callback_xs.c
         libmng_chunk_descr.c
         libmng_chunk_io.c
         libmng_chunk_prc.c
         libmng_chunk_xs.c
         libmng_cms.c
         libmng_display.c
         libmng_dither.c
         libmng_error.c
         libmng_filter.c
         libmng_hlapi.c
         libmng_jpeg.c
         libmng_object_prc.c
         libmng_pixels.c
         libmng_prop_xs.c
         libmng_read.c
         libmng_trace.c
         libmng_write.c
         libmng_zlib.c
         正在生成代码...
       Lib:
         E:\Program Files\Microsoft Visual Studio 12.0\VC\bin\Lib.exe /OUT:".\Release\LibMNG.lib" /NOLOGO .\Release/libmng_callback_xs.obj
         .\Release/libmng_chunk_descr.obj
         .\Release/libmng_chunk_io.obj
         .\Release/libmng_chunk_prc.obj
         .\Release/libmng_chunk_xs.obj
         .\Release/libmng_cms.obj
         .\Release/libmng_display.obj
         .\Release/libmng_dither.obj
         .\Release/libmng_error.obj
         .\Release/libmng_filter.obj
         .\Release/libmng_hlapi.obj
         .\Release/libmng_jpeg.obj
         .\Release/libmng_object_prc.obj
         .\Release/libmng_pixels.obj
         .\Release/libmng_prop_xs.obj
         .\Release/libmng_read.obj
         .\Release/libmng_trace.obj
         .\Release/libmng_write.obj
         .\Release/libmng_zlib.obj
         LibMNG.2010.vcxproj -> D:\kbe\kbengine_ogre_demo\ogresdk\ogre_src_v1-8-1\Dependencies\src\FreeImage-3.13.1\Source\LibMNG\.\Release\LibMNG.lib
     1>已完成生成项目“D:\kbe\kbengine_ogre_demo\ogresdk\ogre_src_v1-8-1\Dependencies\src\FreeImage-3.13.1\Source\LibMNG\LibMNG.2010.vcxproj”(Rebuild 个目标)的操作。

生成成功。

已用时间 00:00:18.55
