生成启动时间为 2015-10-25 0:22:37。
     1>项目“D:\kbe\kbengine_ogre_demo\ogresdk\ogre_src_v1-8-1\Dependencies\src\FreeImage-3.13.1\Source\LibTIFF\LibTIFF.2010.vcxproj”在节点 2 上(Rebuild 个目标)。
     1>ClCompile:
         E:\Program Files\Microsoft Visual Studio 12.0\VC\bin\CL.exe /c /I..\libtiff\libtiff /ZI /nologo /W3 /WX- /Od /Oy- /D WIN32 /D _DEBUG /D _LIB /D _CRT_SECURE_NO_DEPRECATE /D _VC80_UPGRADE=0x0710 /D _MBCS /GF /Gm- /EHsc /RTC1 /MDd /GS /fp:precise /Zc:wchar_t /Zc:forScope /Fo".\Debug/" /Fd".\Debug/vc120.pdb" /Gd /TC /analyze- /errorReport:prompt tif_aux.c tif_close.c tif_codec.c tif_color.c tif_compress.c tif_dir.c tif_dirinfo.c tif_dirread.c tif_dirwrite.c tif_dumpmode.c tif_error.c tif_extension.c tif_fax3.c tif_fax3sm.c tif_flush.c tif_getimage.c tif_jpeg.c tif_luv.c tif_lzw.c tif_next.c tif_ojpeg.c tif_open.c tif_packbits.c tif_pixarlog.c tif_predict.c tif_print.c tif_read.c tif_strip.c tif_swab.c tif_thunder.c tif_tile.c tif_version.c tif_warning.c tif_write.c tif_zip.c
         tif_aux.c
         tif_close.c
         tif_codec.c
         tif_color.c
         tif_compress.c
         tif_dir.c
         tif_dirinfo.c
     1>d:\kbe\kbengine_ogre_demo\ogresdk\ogre_src_v1-8-1\dependencies\src\freeimage-3.13.1\source\libtiff\tif_dirinfo.c(799): warning C4996: '_lfind': The POSIX name for this item is deprecated. Instead, use the ISO C++ conformant name: _lfind. See online help for details.
                 e:\program files\microsoft visual studio 12.0\vc\include\search.h(53) : 参见“_lfind”的声明
         tif_dirread.c
         tif_dirwrite.c
         tif_dumpmode.c
         tif_error.c
         tif_extension.c
         tif_fax3.c
         tif_fax3sm.c
         tif_flush.c
         tif_getimage.c
         tif_jpeg.c
         tif_luv.c
         tif_lzw.c
         tif_next.c
         正在生成代码...
         正在编译...
         tif_ojpeg.c
     1>d:\kbe\kbengine_ogre_demo\ogresdk\ogre_src_v1-8-1\dependencies\src\freeimage-3.13.1\source\libtiff\tif_ojpeg.c(651): warning C4244: “=”: 从“tsample_t”转换到“uint8”，可能丢失数据
     1>d:\kbe\kbengine_ogre_demo\ogresdk\ogre_src_v1-8-1\dependencies\src\freeimage-3.13.1\source\libtiff\tif_ojpeg.c(1009): warning C4244: “=”: 从“uint16”转换到“uint8”，可能丢失数据
         tif_open.c
         tif_packbits.c
         tif_pixarlog.c
         tif_predict.c
         tif_print.c
         tif_read.c
         tif_strip.c
         tif_swab.c
         tif_thunder.c
         tif_tile.c
         tif_version.c
         tif_warning.c
         tif_write.c
     1>d:\kbe\kbengine_ogre_demo\ogresdk\ogre_src_v1-8-1\dependencies\src\freeimage-3.13.1\source\libtiff\tif_write.c(633): warning C4018: “>=”: 有符号/无符号不匹配
         tif_zip.c
         正在生成代码...
       Lib:
         E:\Program Files\Microsoft Visual Studio 12.0\VC\bin\Lib.exe /OUT:".\Debug\LibTIFF.lib" /NOLOGO .\Debug/tif_aux.obj
         .\Debug/tif_close.obj
         .\Debug/tif_codec.obj
         .\Debug/tif_color.obj
         .\Debug/tif_compress.obj
         .\Debug/tif_dir.obj
         .\Debug/tif_dirinfo.obj
         .\Debug/tif_dirread.obj
         .\Debug/tif_dirwrite.obj
         .\Debug/tif_dumpmode.obj
         .\Debug/tif_error.obj
         .\Debug/tif_extension.obj
         .\Debug/tif_fax3.obj
         .\Debug/tif_fax3sm.obj
         .\Debug/tif_flush.obj
         .\Debug/tif_getimage.obj
         .\Debug/tif_jpeg.obj
         .\Debug/tif_luv.obj
         .\Debug/tif_lzw.obj
         .\Debug/tif_next.obj
         .\Debug/tif_ojpeg.obj
         .\Debug/tif_open.obj
         .\Debug/tif_packbits.obj
         .\Debug/tif_pixarlog.obj
         .\Debug/tif_predict.obj
         .\Debug/tif_print.obj
         .\Debug/tif_read.obj
         .\Debug/tif_strip.obj
         .\Debug/tif_swab.obj
         .\Debug/tif_thunder.obj
         .\Debug/tif_tile.obj
         .\Debug/tif_version.obj
         .\Debug/tif_warning.obj
         .\Debug/tif_write.obj
         .\Debug/tif_zip.obj
         LibTIFF.2010.vcxproj -> D:\kbe\kbengine_ogre_demo\ogresdk\ogre_src_v1-8-1\Dependencies\src\FreeImage-3.13.1\Source\LibTIFF\.\Debug\LibTIFF.lib
     1>已完成生成项目“D:\kbe\kbengine_ogre_demo\ogresdk\ogre_src_v1-8-1\Dependencies\src\FreeImage-3.13.1\Source\LibTIFF\LibTIFF.2010.vcxproj”(Rebuild 个目标)的操作。

生成成功。

已用时间 00:00:07.73
