生成启动时间为 2015-10-25 0:22:23。
     1>项目“D:\kbe\kbengine_ogre_demo\ogresdk\ogre_src_v1-8-1\Dependencies\src\FreeImage-3.13.1\Source\LibMNG\LibMNG.2010.vcxproj”在节点 2 上(Rebuild 个目标)。
     1>ClCompile:
         E:\Program Files\Microsoft Visual Studio 12.0\VC\bin\CL.exe /c /I..\ZLib /I..\LibJPEG /ZI /nologo /W3 /WX- /Od /Oy- /D WIN32 /D _DEBUG /D _LIB /D MNG_BUILD_SO /D _CRT_SECURE_NO_DEPRECATE /D _VC80_UPGRADE=0x0710 /D _MBCS /GF /Gm- /EHsc /RTC1 /MDd /GS /fp:precise /Zc:wchar_t /Zc:forScope /Fo".\Debug/" /Fd".\Debug/vc120.pdb" /Gd /TC /analyze- /errorReport:prompt libmng_callback_xs.c libmng_chunk_descr.c libmng_chunk_io.c libmng_chunk_prc.c libmng_chunk_xs.c libmng_cms.c libmng_display.c libmng_dither.c libmng_error.c libmng_filter.c libmng_hlapi.c libmng_jpeg.c libmng_object_prc.c libmng_pixels.c libmng_prop_xs.c libmng_read.c libmng_trace.c libmng_write.c libmng_zlib.c
         libmng_callback_xs.c
         libmng_chunk_descr.c
         libmng_chunk_io.c
         libmng_chunk_prc.c
         libmng_chunk_xs.c
         libmng_cms.c
         libmng_display.c
         libmng_dither.c
         libmng_error.c
         libmng_filter.c
         libmng_hlapi.c
         libmng_jpeg.c
         libmng_object_prc.c
         libmng_pixels.c
         libmng_prop_xs.c
         libmng_read.c
         libmng_trace.c
         libmng_write.c
         libmng_zlib.c
         正在生成代码...
       Lib:
         E:\Program Files\Microsoft Visual Studio 12.0\VC\bin\Lib.exe /OUT:".\Debug\LibMNG.lib" /NOLOGO .\Debug/libmng_callback_xs.obj
         .\Debug/libmng_chunk_descr.obj
         .\Debug/libmng_chunk_io.obj
         .\Debug/libmng_chunk_prc.obj
         .\Debug/libmng_chunk_xs.obj
         .\Debug/libmng_cms.obj
         .\Debug/libmng_display.obj
         .\Debug/libmng_dither.obj
         .\Debug/libmng_error.obj
         .\Debug/libmng_filter.obj
         .\Debug/libmng_hlapi.obj
         .\Debug/libmng_jpeg.obj
         .\Debug/libmng_object_prc.obj
         .\Debug/libmng_pixels.obj
         .\Debug/libmng_prop_xs.obj
         .\Debug/libmng_read.obj
         .\Debug/libmng_trace.obj
         .\Debug/libmng_write.obj
         .\Debug/libmng_zlib.obj
         LibMNG.2010.vcxproj -> D:\kbe\kbengine_ogre_demo\ogresdk\ogre_src_v1-8-1\Dependencies\src\FreeImage-3.13.1\Source\LibMNG\.\Debug\LibMNG.lib
     1>已完成生成项目“D:\kbe\kbengine_ogre_demo\ogresdk\ogre_src_v1-8-1\Dependencies\src\FreeImage-3.13.1\Source\LibMNG\LibMNG.2010.vcxproj”(Rebuild 个目标)的操作。

生成成功。

已用时间 00:00:06.51
