生成启动时间为 2015-10-25 0:22:24。
     1>项目“D:\kbe\kbengine_ogre_demo\ogresdk\ogre_src_v1-8-1\Dependencies\src\FreeImage-3.13.1\Source\LibOpenJPEG\LibOpenJPEG.2010.vcxproj”在节点 3 上(Rebuild 个目标)。
     1>ClCompile:
         E:\Program Files\Microsoft Visual Studio 12.0\VC\bin\CL.exe /c /ZI /nologo /W3 /WX- /Od /Oy- /D WIN32 /D _DEBUG /D _LIB /D OPJ_STATIC /D _CRT_SECURE_NO_DEPRECATE /D _VC80_UPGRADE=0x0710 /D _MBCS /GF /Gm- /EHsc /RTC1 /MDd /GS /fp:precise /Zc:wchar_t /Zc:forScope /Fo".\Debug/" /Fd".\Debug/vc120.pdb" /Gd /TC /analyze- /errorReport:prompt bio.c cio.c dwt.c event.c image.c j2k.c j2k_lib.c jp2.c jpt.c mct.c mqc.c openjpeg.c pi.c raw.c t1.c t2.c tcd.c tgt.c
         bio.c
     1>d:\kbe\kbengine_ogre_demo\ogresdk\ogre_src_v1-8-1\dependencies\src\freeimage-3.13.1\source\libopenjpeg\opj_includes.h : warning C4819: 该文件包含不能在当前代码页(936)中表示的字符。请将该文件保存为 Unicode 格式以防止数据丢失
     1>d:\kbe\kbengine_ogre_demo\ogresdk\ogre_src_v1-8-1\dependencies\src\freeimage-3.13.1\source\libopenjpeg\j2k_lib.h : warning C4819: 该文件包含不能在当前代码页(936)中表示的字符。请将该文件保存为 Unicode 格式以防止数据丢失
     1>d:\kbe\kbengine_ogre_demo\ogresdk\ogre_src_v1-8-1\dependencies\src\freeimage-3.13.1\source\libopenjpeg\opj_malloc.h : warning C4819: 该文件包含不能在当前代码页(936)中表示的字符。请将该文件保存为 Unicode 格式以防止数据丢失
     1>d:\kbe\kbengine_ogre_demo\ogresdk\ogre_src_v1-8-1\dependencies\src\freeimage-3.13.1\source\libopenjpeg\event.h : warning C4819: 该文件包含不能在当前代码页(936)中表示的字符。请将该文件保存为 Unicode 格式以防止数据丢失
     1>d:\kbe\kbengine_ogre_demo\ogresdk\ogre_src_v1-8-1\dependencies\src\freeimage-3.13.1\source\libopenjpeg\image.h : warning C4819: 该文件包含不能在当前代码页(936)中表示的字符。请将该文件保存为 Unicode 格式以防止数据丢失
         cio.c
     1>d:\kbe\kbengine_ogre_demo\ogresdk\ogre_src_v1-8-1\dependencies\src\freeimage-3.13.1\source\libopenjpeg\opj_includes.h : warning C4819: 该文件包含不能在当前代码页(936)中表示的字符。请将该文件保存为 Unicode 格式以防止数据丢失
     1>d:\kbe\kbengine_ogre_demo\ogresdk\ogre_src_v1-8-1\dependencies\src\freeimage-3.13.1\source\libopenjpeg\j2k_lib.h : warning C4819: 该文件包含不能在当前代码页(936)中表示的字符。请将该文件保存为 Unicode 格式以防止数据丢失
     1>d:\kbe\kbengine_ogre_demo\ogresdk\ogre_src_v1-8-1\dependencies\src\freeimage-3.13.1\source\libopenjpeg\opj_malloc.h : warning C4819: 该文件包含不能在当前代码页(936)中表示的字符。请将该文件保存为 Unicode 格式以防止数据丢失
     1>d:\kbe\kbengine_ogre_demo\ogresdk\ogre_src_v1-8-1\dependencies\src\freeimage-3.13.1\source\libopenjpeg\event.h : warning C4819: 该文件包含不能在当前代码页(936)中表示的字符。请将该文件保存为 Unicode 格式以防止数据丢失
     1>d:\kbe\kbengine_ogre_demo\ogresdk\ogre_src_v1-8-1\dependencies\src\freeimage-3.13.1\source\libopenjpeg\image.h : warning C4819: 该文件包含不能在当前代码页(936)中表示的字符。请将该文件保存为 Unicode 格式以防止数据丢失
         dwt.c
     1>d:\kbe\kbengine_ogre_demo\ogresdk\ogre_src_v1-8-1\dependencies\src\freeimage-3.13.1\source\libopenjpeg\opj_includes.h : warning C4819: 该文件包含不能在当前代码页(936)中表示的字符。请将该文件保存为 Unicode 格式以防止数据丢失
     1>d:\kbe\kbengine_ogre_demo\ogresdk\ogre_src_v1-8-1\dependencies\src\freeimage-3.13.1\source\libopenjpeg\j2k_lib.h : warning C4819: 该文件包含不能在当前代码页(936)中表示的字符。请将该文件保存为 Unicode 格式以防止数据丢失
     1>d:\kbe\kbengine_ogre_demo\ogresdk\ogre_src_v1-8-1\dependencies\src\freeimage-3.13.1\source\libopenjpeg\opj_malloc.h : warning C4819: 该文件包含不能在当前代码页(936)中表示的字符。请将该文件保存为 Unicode 格式以防止数据丢失
     1>d:\kbe\kbengine_ogre_demo\ogresdk\ogre_src_v1-8-1\dependencies\src\freeimage-3.13.1\source\libopenjpeg\event.h : warning C4819: 该文件包含不能在当前代码页(936)中表示的字符。请将该文件保存为 Unicode 格式以防止数据丢失
     1>d:\kbe\kbengine_ogre_demo\ogresdk\ogre_src_v1-8-1\dependencies\src\freeimage-3.13.1\source\libopenjpeg\image.h : warning C4819: 该文件包含不能在当前代码页(936)中表示的字符。请将该文件保存为 Unicode 格式以防止数据丢失
         event.c
     1>d:\kbe\kbengine_ogre_demo\ogresdk\ogre_src_v1-8-1\dependencies\src\freeimage-3.13.1\source\libopenjpeg\event.c : warning C4819: 该文件包含不能在当前代码页(936)中表示的字符。请将该文件保存为 Unicode 格式以防止数据丢失
     1>d:\kbe\kbengine_ogre_demo\ogresdk\ogre_src_v1-8-1\dependencies\src\freeimage-3.13.1\source\libopenjpeg\opj_includes.h : warning C4819: 该文件包含不能在当前代码页(936)中表示的字符。请将该文件保存为 Unicode 格式以防止数据丢失
     1>d:\kbe\kbengine_ogre_demo\ogresdk\ogre_src_v1-8-1\dependencies\src\freeimage-3.13.1\source\libopenjpeg\j2k_lib.h : warning C4819: 该文件包含不能在当前代码页(936)中表示的字符。请将该文件保存为 Unicode 格式以防止数据丢失
     1>d:\kbe\kbengine_ogre_demo\ogresdk\ogre_src_v1-8-1\dependencies\src\freeimage-3.13.1\source\libopenjpeg\opj_malloc.h : warning C4819: 该文件包含不能在当前代码页(936)中表示的字符。请将该文件保存为 Unicode 格式以防止数据丢失
     1>d:\kbe\kbengine_ogre_demo\ogresdk\ogre_src_v1-8-1\dependencies\src\freeimage-3.13.1\source\libopenjpeg\event.h : warning C4819: 该文件包含不能在当前代码页(936)中表示的字符。请将该文件保存为 Unicode 格式以防止数据丢失
     1>d:\kbe\kbengine_ogre_demo\ogresdk\ogre_src_v1-8-1\dependencies\src\freeimage-3.13.1\source\libopenjpeg\image.h : warning C4819: 该文件包含不能在当前代码页(936)中表示的字符。请将该文件保存为 Unicode 格式以防止数据丢失
         image.c
     1>d:\kbe\kbengine_ogre_demo\ogresdk\ogre_src_v1-8-1\dependencies\src\freeimage-3.13.1\source\libopenjpeg\image.c : warning C4819: 该文件包含不能在当前代码页(936)中表示的字符。请将该文件保存为 Unicode 格式以防止数据丢失
     1>d:\kbe\kbengine_ogre_demo\ogresdk\ogre_src_v1-8-1\dependencies\src\freeimage-3.13.1\source\libopenjpeg\opj_includes.h : warning C4819: 该文件包含不能在当前代码页(936)中表示的字符。请将该文件保存为 Unicode 格式以防止数据丢失
     1>d:\kbe\kbengine_ogre_demo\ogresdk\ogre_src_v1-8-1\dependencies\src\freeimage-3.13.1\source\libopenjpeg\j2k_lib.h : warning C4819: 该文件包含不能在当前代码页(936)中表示的字符。请将该文件保存为 Unicode 格式以防止数据丢失
     1>d:\kbe\kbengine_ogre_demo\ogresdk\ogre_src_v1-8-1\dependencies\src\freeimage-3.13.1\source\libopenjpeg\opj_malloc.h : warning C4819: 该文件包含不能在当前代码页(936)中表示的字符。请将该文件保存为 Unicode 格式以防止数据丢失
     1>d:\kbe\kbengine_ogre_demo\ogresdk\ogre_src_v1-8-1\dependencies\src\freeimage-3.13.1\source\libopenjpeg\event.h : warning C4819: 该文件包含不能在当前代码页(936)中表示的字符。请将该文件保存为 Unicode 格式以防止数据丢失
     1>d:\kbe\kbengine_ogre_demo\ogresdk\ogre_src_v1-8-1\dependencies\src\freeimage-3.13.1\source\libopenjpeg\image.h : warning C4819: 该文件包含不能在当前代码页(936)中表示的字符。请将该文件保存为 Unicode 格式以防止数据丢失
         j2k.c
     1>d:\kbe\kbengine_ogre_demo\ogresdk\ogre_src_v1-8-1\dependencies\src\freeimage-3.13.1\source\libopenjpeg\opj_includes.h : warning C4819: 该文件包含不能在当前代码页(936)中表示的字符。请将该文件保存为 Unicode 格式以防止数据丢失
     1>d:\kbe\kbengine_ogre_demo\ogresdk\ogre_src_v1-8-1\dependencies\src\freeimage-3.13.1\source\libopenjpeg\j2k_lib.h : warning C4819: 该文件包含不能在当前代码页(936)中表示的字符。请将该文件保存为 Unicode 格式以防止数据丢失
     1>d:\kbe\kbengine_ogre_demo\ogresdk\ogre_src_v1-8-1\dependencies\src\freeimage-3.13.1\source\libopenjpeg\opj_malloc.h : warning C4819: 该文件包含不能在当前代码页(936)中表示的字符。请将该文件保存为 Unicode 格式以防止数据丢失
     1>d:\kbe\kbengine_ogre_demo\ogresdk\ogre_src_v1-8-1\dependencies\src\freeimage-3.13.1\source\libopenjpeg\event.h : warning C4819: 该文件包含不能在当前代码页(936)中表示的字符。请将该文件保存为 Unicode 格式以防止数据丢失
     1>d:\kbe\kbengine_ogre_demo\ogresdk\ogre_src_v1-8-1\dependencies\src\freeimage-3.13.1\source\libopenjpeg\image.h : warning C4819: 该文件包含不能在当前代码页(936)中表示的字符。请将该文件保存为 Unicode 格式以防止数据丢失
         j2k_lib.c
     1>d:\kbe\kbengine_ogre_demo\ogresdk\ogre_src_v1-8-1\dependencies\src\freeimage-3.13.1\source\libopenjpeg\j2k_lib.c : warning C4819: 该文件包含不能在当前代码页(936)中表示的字符。请将该文件保存为 Unicode 格式以防止数据丢失
     1>d:\kbe\kbengine_ogre_demo\ogresdk\ogre_src_v1-8-1\dependencies\src\freeimage-3.13.1\source\libopenjpeg\opj_includes.h : warning C4819: 该文件包含不能在当前代码页(936)中表示的字符。请将该文件保存为 Unicode 格式以防止数据丢失
     1>d:\kbe\kbengine_ogre_demo\ogresdk\ogre_src_v1-8-1\dependencies\src\freeimage-3.13.1\source\libopenjpeg\j2k_lib.h : warning C4819: 该文件包含不能在当前代码页(936)中表示的字符。请将该文件保存为 Unicode 格式以防止数据丢失
     1>d:\kbe\kbengine_ogre_demo\ogresdk\ogre_src_v1-8-1\dependencies\src\freeimage-3.13.1\source\libopenjpeg\opj_malloc.h : warning C4819: 该文件包含不能在当前代码页(936)中表示的字符。请将该文件保存为 Unicode 格式以防止数据丢失
     1>d:\kbe\kbengine_ogre_demo\ogresdk\ogre_src_v1-8-1\dependencies\src\freeimage-3.13.1\source\libopenjpeg\event.h : warning C4819: 该文件包含不能在当前代码页(936)中表示的字符。请将该文件保存为 Unicode 格式以防止数据丢失
     1>d:\kbe\kbengine_ogre_demo\ogresdk\ogre_src_v1-8-1\dependencies\src\freeimage-3.13.1\source\libopenjpeg\image.h : warning C4819: 该文件包含不能在当前代码页(936)中表示的字符。请将该文件保存为 Unicode 格式以防止数据丢失
         jp2.c
     1>d:\kbe\kbengine_ogre_demo\ogresdk\ogre_src_v1-8-1\dependencies\src\freeimage-3.13.1\source\libopenjpeg\jp2.c : warning C4819: 该文件包含不能在当前代码页(936)中表示的字符。请将该文件保存为 Unicode 格式以防止数据丢失
     1>d:\kbe\kbengine_ogre_demo\ogresdk\ogre_src_v1-8-1\dependencies\src\freeimage-3.13.1\source\libopenjpeg\opj_includes.h : warning C4819: 该文件包含不能在当前代码页(936)中表示的字符。请将该文件保存为 Unicode 格式以防止数据丢失
     1>d:\kbe\kbengine_ogre_demo\ogresdk\ogre_src_v1-8-1\dependencies\src\freeimage-3.13.1\source\libopenjpeg\j2k_lib.h : warning C4819: 该文件包含不能在当前代码页(936)中表示的字符。请将该文件保存为 Unicode 格式以防止数据丢失
     1>d:\kbe\kbengine_ogre_demo\ogresdk\ogre_src_v1-8-1\dependencies\src\freeimage-3.13.1\source\libopenjpeg\opj_malloc.h : warning C4819: 该文件包含不能在当前代码页(936)中表示的字符。请将该文件保存为 Unicode 格式以防止数据丢失
     1>d:\kbe\kbengine_ogre_demo\ogresdk\ogre_src_v1-8-1\dependencies\src\freeimage-3.13.1\source\libopenjpeg\event.h : warning C4819: 该文件包含不能在当前代码页(936)中表示的字符。请将该文件保存为 Unicode 格式以防止数据丢失
     1>d:\kbe\kbengine_ogre_demo\ogresdk\ogre_src_v1-8-1\dependencies\src\freeimage-3.13.1\source\libopenjpeg\image.h : warning C4819: 该文件包含不能在当前代码页(936)中表示的字符。请将该文件保存为 Unicode 格式以防止数据丢失
         jpt.c
     1>d:\kbe\kbengine_ogre_demo\ogresdk\ogre_src_v1-8-1\dependencies\src\freeimage-3.13.1\source\libopenjpeg\opj_includes.h : warning C4819: 该文件包含不能在当前代码页(936)中表示的字符。请将该文件保存为 Unicode 格式以防止数据丢失
     1>d:\kbe\kbengine_ogre_demo\ogresdk\ogre_src_v1-8-1\dependencies\src\freeimage-3.13.1\source\libopenjpeg\j2k_lib.h : warning C4819: 该文件包含不能在当前代码页(936)中表示的字符。请将该文件保存为 Unicode 格式以防止数据丢失
     1>d:\kbe\kbengine_ogre_demo\ogresdk\ogre_src_v1-8-1\dependencies\src\freeimage-3.13.1\source\libopenjpeg\opj_malloc.h : warning C4819: 该文件包含不能在当前代码页(936)中表示的字符。请将该文件保存为 Unicode 格式以防止数据丢失
     1>d:\kbe\kbengine_ogre_demo\ogresdk\ogre_src_v1-8-1\dependencies\src\freeimage-3.13.1\source\libopenjpeg\event.h : warning C4819: 该文件包含不能在当前代码页(936)中表示的字符。请将该文件保存为 Unicode 格式以防止数据丢失
     1>d:\kbe\kbengine_ogre_demo\ogresdk\ogre_src_v1-8-1\dependencies\src\freeimage-3.13.1\source\libopenjpeg\image.h : warning C4819: 该文件包含不能在当前代码页(936)中表示的字符。请将该文件保存为 Unicode 格式以防止数据丢失
         mct.c
     1>d:\kbe\kbengine_ogre_demo\ogresdk\ogre_src_v1-8-1\dependencies\src\freeimage-3.13.1\source\libopenjpeg\opj_includes.h : warning C4819: 该文件包含不能在当前代码页(936)中表示的字符。请将该文件保存为 Unicode 格式以防止数据丢失
     1>d:\kbe\kbengine_ogre_demo\ogresdk\ogre_src_v1-8-1\dependencies\src\freeimage-3.13.1\source\libopenjpeg\j2k_lib.h : warning C4819: 该文件包含不能在当前代码页(936)中表示的字符。请将该文件保存为 Unicode 格式以防止数据丢失
     1>d:\kbe\kbengine_ogre_demo\ogresdk\ogre_src_v1-8-1\dependencies\src\freeimage-3.13.1\source\libopenjpeg\opj_malloc.h : warning C4819: 该文件包含不能在当前代码页(936)中表示的字符。请将该文件保存为 Unicode 格式以防止数据丢失
     1>d:\kbe\kbengine_ogre_demo\ogresdk\ogre_src_v1-8-1\dependencies\src\freeimage-3.13.1\source\libopenjpeg\event.h : warning C4819: 该文件包含不能在当前代码页(936)中表示的字符。请将该文件保存为 Unicode 格式以防止数据丢失
     1>d:\kbe\kbengine_ogre_demo\ogresdk\ogre_src_v1-8-1\dependencies\src\freeimage-3.13.1\source\libopenjpeg\image.h : warning C4819: 该文件包含不能在当前代码页(936)中表示的字符。请将该文件保存为 Unicode 格式以防止数据丢失
         mqc.c
     1>d:\kbe\kbengine_ogre_demo\ogresdk\ogre_src_v1-8-1\dependencies\src\freeimage-3.13.1\source\libopenjpeg\opj_includes.h : warning C4819: 该文件包含不能在当前代码页(936)中表示的字符。请将该文件保存为 Unicode 格式以防止数据丢失
     1>d:\kbe\kbengine_ogre_demo\ogresdk\ogre_src_v1-8-1\dependencies\src\freeimage-3.13.1\source\libopenjpeg\j2k_lib.h : warning C4819: 该文件包含不能在当前代码页(936)中表示的字符。请将该文件保存为 Unicode 格式以防止数据丢失
     1>d:\kbe\kbengine_ogre_demo\ogresdk\ogre_src_v1-8-1\dependencies\src\freeimage-3.13.1\source\libopenjpeg\opj_malloc.h : warning C4819: 该文件包含不能在当前代码页(936)中表示的字符。请将该文件保存为 Unicode 格式以防止数据丢失
     1>d:\kbe\kbengine_ogre_demo\ogresdk\ogre_src_v1-8-1\dependencies\src\freeimage-3.13.1\source\libopenjpeg\event.h : warning C4819: 该文件包含不能在当前代码页(936)中表示的字符。请将该文件保存为 Unicode 格式以防止数据丢失
     1>d:\kbe\kbengine_ogre_demo\ogresdk\ogre_src_v1-8-1\dependencies\src\freeimage-3.13.1\source\libopenjpeg\image.h : warning C4819: 该文件包含不能在当前代码页(936)中表示的字符。请将该文件保存为 Unicode 格式以防止数据丢失
         openjpeg.c
     1>d:\kbe\kbengine_ogre_demo\ogresdk\ogre_src_v1-8-1\dependencies\src\freeimage-3.13.1\source\libopenjpeg\openjpeg.c : warning C4819: 该文件包含不能在当前代码页(936)中表示的字符。请将该文件保存为 Unicode 格式以防止数据丢失
     1>d:\kbe\kbengine_ogre_demo\ogresdk\ogre_src_v1-8-1\dependencies\src\freeimage-3.13.1\source\libopenjpeg\opj_includes.h : warning C4819: 该文件包含不能在当前代码页(936)中表示的字符。请将该文件保存为 Unicode 格式以防止数据丢失
     1>d:\kbe\kbengine_ogre_demo\ogresdk\ogre_src_v1-8-1\dependencies\src\freeimage-3.13.1\source\libopenjpeg\j2k_lib.h : warning C4819: 该文件包含不能在当前代码页(936)中表示的字符。请将该文件保存为 Unicode 格式以防止数据丢失
     1>d:\kbe\kbengine_ogre_demo\ogresdk\ogre_src_v1-8-1\dependencies\src\freeimage-3.13.1\source\libopenjpeg\opj_malloc.h : warning C4819: 该文件包含不能在当前代码页(936)中表示的字符。请将该文件保存为 Unicode 格式以防止数据丢失
     1>d:\kbe\kbengine_ogre_demo\ogresdk\ogre_src_v1-8-1\dependencies\src\freeimage-3.13.1\source\libopenjpeg\event.h : warning C4819: 该文件包含不能在当前代码页(936)中表示的字符。请将该文件保存为 Unicode 格式以防止数据丢失
     1>d:\kbe\kbengine_ogre_demo\ogresdk\ogre_src_v1-8-1\dependencies\src\freeimage-3.13.1\source\libopenjpeg\image.h : warning C4819: 该文件包含不能在当前代码页(936)中表示的字符。请将该文件保存为 Unicode 格式以防止数据丢失
         pi.c
     1>d:\kbe\kbengine_ogre_demo\ogresdk\ogre_src_v1-8-1\dependencies\src\freeimage-3.13.1\source\libopenjpeg\opj_includes.h : warning C4819: 该文件包含不能在当前代码页(936)中表示的字符。请将该文件保存为 Unicode 格式以防止数据丢失
     1>d:\kbe\kbengine_ogre_demo\ogresdk\ogre_src_v1-8-1\dependencies\src\freeimage-3.13.1\source\libopenjpeg\j2k_lib.h : warning C4819: 该文件包含不能在当前代码页(936)中表示的字符。请将该文件保存为 Unicode 格式以防止数据丢失
     1>d:\kbe\kbengine_ogre_demo\ogresdk\ogre_src_v1-8-1\dependencies\src\freeimage-3.13.1\source\libopenjpeg\opj_malloc.h : warning C4819: 该文件包含不能在当前代码页(936)中表示的字符。请将该文件保存为 Unicode 格式以防止数据丢失
     1>d:\kbe\kbengine_ogre_demo\ogresdk\ogre_src_v1-8-1\dependencies\src\freeimage-3.13.1\source\libopenjpeg\event.h : warning C4819: 该文件包含不能在当前代码页(936)中表示的字符。请将该文件保存为 Unicode 格式以防止数据丢失
     1>d:\kbe\kbengine_ogre_demo\ogresdk\ogre_src_v1-8-1\dependencies\src\freeimage-3.13.1\source\libopenjpeg\image.h : warning C4819: 该文件包含不能在当前代码页(936)中表示的字符。请将该文件保存为 Unicode 格式以防止数据丢失
         raw.c
     1>d:\kbe\kbengine_ogre_demo\ogresdk\ogre_src_v1-8-1\dependencies\src\freeimage-3.13.1\source\libopenjpeg\opj_includes.h : warning C4819: 该文件包含不能在当前代码页(936)中表示的字符。请将该文件保存为 Unicode 格式以防止数据丢失
     1>d:\kbe\kbengine_ogre_demo\ogresdk\ogre_src_v1-8-1\dependencies\src\freeimage-3.13.1\source\libopenjpeg\j2k_lib.h : warning C4819: 该文件包含不能在当前代码页(936)中表示的字符。请将该文件保存为 Unicode 格式以防止数据丢失
     1>d:\kbe\kbengine_ogre_demo\ogresdk\ogre_src_v1-8-1\dependencies\src\freeimage-3.13.1\source\libopenjpeg\opj_malloc.h : warning C4819: 该文件包含不能在当前代码页(936)中表示的字符。请将该文件保存为 Unicode 格式以防止数据丢失
     1>d:\kbe\kbengine_ogre_demo\ogresdk\ogre_src_v1-8-1\dependencies\src\freeimage-3.13.1\source\libopenjpeg\event.h : warning C4819: 该文件包含不能在当前代码页(936)中表示的字符。请将该文件保存为 Unicode 格式以防止数据丢失
     1>d:\kbe\kbengine_ogre_demo\ogresdk\ogre_src_v1-8-1\dependencies\src\freeimage-3.13.1\source\libopenjpeg\image.h : warning C4819: 该文件包含不能在当前代码页(936)中表示的字符。请将该文件保存为 Unicode 格式以防止数据丢失
         t1.c
     1>d:\kbe\kbengine_ogre_demo\ogresdk\ogre_src_v1-8-1\dependencies\src\freeimage-3.13.1\source\libopenjpeg\opj_includes.h : warning C4819: 该文件包含不能在当前代码页(936)中表示的字符。请将该文件保存为 Unicode 格式以防止数据丢失
     1>d:\kbe\kbengine_ogre_demo\ogresdk\ogre_src_v1-8-1\dependencies\src\freeimage-3.13.1\source\libopenjpeg\j2k_lib.h : warning C4819: 该文件包含不能在当前代码页(936)中表示的字符。请将该文件保存为 Unicode 格式以防止数据丢失
     1>d:\kbe\kbengine_ogre_demo\ogresdk\ogre_src_v1-8-1\dependencies\src\freeimage-3.13.1\source\libopenjpeg\opj_malloc.h : warning C4819: 该文件包含不能在当前代码页(936)中表示的字符。请将该文件保存为 Unicode 格式以防止数据丢失
     1>d:\kbe\kbengine_ogre_demo\ogresdk\ogre_src_v1-8-1\dependencies\src\freeimage-3.13.1\source\libopenjpeg\event.h : warning C4819: 该文件包含不能在当前代码页(936)中表示的字符。请将该文件保存为 Unicode 格式以防止数据丢失
     1>d:\kbe\kbengine_ogre_demo\ogresdk\ogre_src_v1-8-1\dependencies\src\freeimage-3.13.1\source\libopenjpeg\image.h : warning C4819: 该文件包含不能在当前代码页(936)中表示的字符。请将该文件保存为 Unicode 格式以防止数据丢失
         t2.c
     1>d:\kbe\kbengine_ogre_demo\ogresdk\ogre_src_v1-8-1\dependencies\src\freeimage-3.13.1\source\libopenjpeg\opj_includes.h : warning C4819: 该文件包含不能在当前代码页(936)中表示的字符。请将该文件保存为 Unicode 格式以防止数据丢失
     1>d:\kbe\kbengine_ogre_demo\ogresdk\ogre_src_v1-8-1\dependencies\src\freeimage-3.13.1\source\libopenjpeg\j2k_lib.h : warning C4819: 该文件包含不能在当前代码页(936)中表示的字符。请将该文件保存为 Unicode 格式以防止数据丢失
     1>d:\kbe\kbengine_ogre_demo\ogresdk\ogre_src_v1-8-1\dependencies\src\freeimage-3.13.1\source\libopenjpeg\opj_malloc.h : warning C4819: 该文件包含不能在当前代码页(936)中表示的字符。请将该文件保存为 Unicode 格式以防止数据丢失
     1>d:\kbe\kbengine_ogre_demo\ogresdk\ogre_src_v1-8-1\dependencies\src\freeimage-3.13.1\source\libopenjpeg\event.h : warning C4819: 该文件包含不能在当前代码页(936)中表示的字符。请将该文件保存为 Unicode 格式以防止数据丢失
     1>d:\kbe\kbengine_ogre_demo\ogresdk\ogre_src_v1-8-1\dependencies\src\freeimage-3.13.1\source\libopenjpeg\image.h : warning C4819: 该文件包含不能在当前代码页(936)中表示的字符。请将该文件保存为 Unicode 格式以防止数据丢失
         tcd.c
     1>d:\kbe\kbengine_ogre_demo\ogresdk\ogre_src_v1-8-1\dependencies\src\freeimage-3.13.1\source\libopenjpeg\opj_includes.h : warning C4819: 该文件包含不能在当前代码页(936)中表示的字符。请将该文件保存为 Unicode 格式以防止数据丢失
     1>d:\kbe\kbengine_ogre_demo\ogresdk\ogre_src_v1-8-1\dependencies\src\freeimage-3.13.1\source\libopenjpeg\j2k_lib.h : warning C4819: 该文件包含不能在当前代码页(936)中表示的字符。请将该文件保存为 Unicode 格式以防止数据丢失
     1>d:\kbe\kbengine_ogre_demo\ogresdk\ogre_src_v1-8-1\dependencies\src\freeimage-3.13.1\source\libopenjpeg\opj_malloc.h : warning C4819: 该文件包含不能在当前代码页(936)中表示的字符。请将该文件保存为 Unicode 格式以防止数据丢失
     1>d:\kbe\kbengine_ogre_demo\ogresdk\ogre_src_v1-8-1\dependencies\src\freeimage-3.13.1\source\libopenjpeg\event.h : warning C4819: 该文件包含不能在当前代码页(936)中表示的字符。请将该文件保存为 Unicode 格式以防止数据丢失
     1>d:\kbe\kbengine_ogre_demo\ogresdk\ogre_src_v1-8-1\dependencies\src\freeimage-3.13.1\source\libopenjpeg\image.h : warning C4819: 该文件包含不能在当前代码页(936)中表示的字符。请将该文件保存为 Unicode 格式以防止数据丢失
         tgt.c
     1>d:\kbe\kbengine_ogre_demo\ogresdk\ogre_src_v1-8-1\dependencies\src\freeimage-3.13.1\source\libopenjpeg\opj_includes.h : warning C4819: 该文件包含不能在当前代码页(936)中表示的字符。请将该文件保存为 Unicode 格式以防止数据丢失
     1>d:\kbe\kbengine_ogre_demo\ogresdk\ogre_src_v1-8-1\dependencies\src\freeimage-3.13.1\source\libopenjpeg\j2k_lib.h : warning C4819: 该文件包含不能在当前代码页(936)中表示的字符。请将该文件保存为 Unicode 格式以防止数据丢失
     1>d:\kbe\kbengine_ogre_demo\ogresdk\ogre_src_v1-8-1\dependencies\src\freeimage-3.13.1\source\libopenjpeg\opj_malloc.h : warning C4819: 该文件包含不能在当前代码页(936)中表示的字符。请将该文件保存为 Unicode 格式以防止数据丢失
     1>d:\kbe\kbengine_ogre_demo\ogresdk\ogre_src_v1-8-1\dependencies\src\freeimage-3.13.1\source\libopenjpeg\event.h : warning C4819: 该文件包含不能在当前代码页(936)中表示的字符。请将该文件保存为 Unicode 格式以防止数据丢失
     1>d:\kbe\kbengine_ogre_demo\ogresdk\ogre_src_v1-8-1\dependencies\src\freeimage-3.13.1\source\libopenjpeg\image.h : warning C4819: 该文件包含不能在当前代码页(936)中表示的字符。请将该文件保存为 Unicode 格式以防止数据丢失
         正在生成代码...
       Lib:
         E:\Program Files\Microsoft Visual Studio 12.0\VC\bin\Lib.exe /OUT:".\Debug\LibOpenJPEG.lib" /NOLOGO .\Debug/bio.obj
         .\Debug/cio.obj
         .\Debug/dwt.obj
         .\Debug/event.obj
         .\Debug/image.obj
         .\Debug/j2k.obj
         .\Debug/j2k_lib.obj
         .\Debug/jp2.obj
         .\Debug/jpt.obj
         .\Debug/mct.obj
         .\Debug/mqc.obj
         .\Debug/openjpeg.obj
         .\Debug/pi.obj
         .\Debug/raw.obj
         .\Debug/t1.obj
         .\Debug/t2.obj
         .\Debug/tcd.obj
         .\Debug/tgt.obj
         LibOpenJPEG.2010.vcxproj -> D:\kbe\kbengine_ogre_demo\ogresdk\ogre_src_v1-8-1\Dependencies\src\FreeImage-3.13.1\Source\LibOpenJPEG\.\Debug\LibOpenJPEG.lib
     1>已完成生成项目“D:\kbe\kbengine_ogre_demo\ogresdk\ogre_src_v1-8-1\Dependencies\src\FreeImage-3.13.1\Source\LibOpenJPEG\LibOpenJPEG.2010.vcxproj”(Rebuild 个目标)的操作。

生成成功。

已用时间 00:00:12.50
